        -:    0:Source:/mnt/c/Users/Laura/CLionProjects/lab_8-9/main.cpp
        -:    0:Graph:/mnt/c/Users/Laura/CLionProjects/lab_8-9/cmake-build-debug-coverage/CMakeFiles/untitled.dir/main.cpp.gcno
        -:    0:Data:/mnt/c/Users/Laura/CLionProjects/lab_8-9/cmake-build-debug-coverage/CMakeFiles/untitled.dir/main.cpp.gcda
        -:    0:Runs:1
        -:    1:#include "UI.h"
        -:    2:#include "VectorDinamicTemplate.h"
        -:    3:#include <iostream>
        -:    4://#define _CRTDBG_MAP_ALLOC
        -:    5:#include "Pet.h"
        -:    6:#include "testall.h"
        -:    7:#include "CosProd.h"
        -:    8://#include <crtdbg.h>
        -:    9:using std::cout;
        -:   10:using std::endl;
        -:   11:
        -:   12:
function _Z7testAllv called 1 returned 100% blocks executed 100%
        1:   13:void testAll() {
        1:   14:    testeEnt();
        1:   14-block  0
call    0 returned 1
        1:   15:    testecmp();
call    0 returned 1
        1:   16:    cout << "Au fost trecute testele pentru entitati." << endl;
call    0 returned 1
call    1 returned 1
        1:   17:    testeCos();
call    0 returned 1
        1:   18:    cout<<"teste trecute pentru cosprod"<<endl;
call    0 returned 1
call    1 returned 1
        1:   19:    testerepo();
call    0 returned 1
        1:   20:    cout << "Au fost trecute testele pentru repository." << endl;
call    0 returned 1
call    1 returned 1
        1:   21:    testeservice();
call    0 returned 1
        -:   22:    //testAll<VectorDinamic<Pet>>();
        1:   23:    cout << "Au fost trecute testele pentru service." << endl<<endl<<endl;
call    0 returned 1
call    1 returned 1
call    2 returned 1
call    3 returned 1
        -:   24:
        1:   25:}
function _Z8startAppv called 1 returned 100% blocks executed 67%
        1:   26:void startApp() {
        2:   27:    ProdRepo repo;
        1:   27-block  0
call    0 returned 1
call    1 returned 1
    $$$$$:   27-block  1
call    2 never executed
        -:   28:    ProdValidator val;
        2:   29:    ProdService srv{ repo,val };
call    0 returned 1
        1:   29-block  0
call    1 returned 1
    $$$$$:   29-block  1
call    2 never executed
        1:   30:    ConsoleUI ui{ srv };
call    0 returned 1
        -:   31:
        1:   32:    ui.run();
call    0 returned 1
branch  1 taken 1 (fallthrough)
branch  2 taken 0 (throw)
        1:   33:}
function main called 1 returned 100% blocks executed 100%
        1:   34:int main() {
        -:   35:    //int* v=new int[10];
        1:   36:    testAll();
        1:   36-block  0
call    0 returned 1
        1:   37:    startApp();
call    0 returned 1
        -:   38:
        -:   39:
        1:   40:}
