        -:    0:Source:/mnt/c/Users/Laura/CLionProjects/lab_8-9/Validator.h
        -:    0:Graph:/mnt/c/Users/Laura/CLionProjects/lab_8-9/cmake-build-debug-coverage/CMakeFiles/untitled.dir/Service.cpp.gcno
        -:    0:Data:/mnt/c/Users/Laura/CLionProjects/lab_8-9/cmake-build-debug-coverage/CMakeFiles/untitled.dir/Service.cpp.gcda
        -:    0:Runs:1
        -:    1://
        -:    2:// Created by Laura on 4/8/2022.
        -:    3://
        -:    4:#pragma once
        -:    5:#ifndef UNTITLED_VALIDATOR_H
        -:    6:#define UNTITLED_VALIDATOR_H
        -:    7:
        -:    8:
        -:    9:
        -:   10:#include "Entities.h"
        -:   11:#include <vector>
        -:   12:#include <string>
        -:   13:using std::string;
        -:   14:using std::vector;
        -:   15:class ValidationExcep {
        -:   16:    vector<string> errormsg;
        -:   17:public:
function _ZN15ValidationExcepC2ESt6vectorINSt7__cxx1112basic_stringIcSt11char_traitsIcESaIcEEESaIS6_EE called 4 returned 100% blocks executed 100%
        4:   18:    ValidationExcep(vector<string> errorMessages) :errormsg{ errorMessages } {};
        4:   18-block  0
call    0 returned 4
        -:   19:
function _ZN15ValidationExcep16getErrorMessagesB5cxx11Ev called 1 returned 100% blocks executed 65%
        1:   20:    string getErrorMessages() {
        1:   21:        string fullMsg = "";
        1:   21-block  0
call    0 returned 1
call    1 returned 1
branch  2 taken 1 (fallthrough)
branch  3 taken 0 (throw)
    $$$$$:   21-block  1
call    4 never executed
        2:   22:        for (const string &e : errormsg) {
call    0 returned 1
call    1 returned 1
        2:   22-block  0
call    2 returned 2
branch  3 taken 1 (fallthrough)
branch  4 taken 1
        1:   22-block  1
call    5 returned 1
        1:   23:            fullMsg += e + "\n";
call    0 returned 1
branch  1 taken 1 (fallthrough)
branch  2 taken 0 (throw)
        1:   23-block  0
call    3 returned 1
branch  4 taken 1 (fallthrough)
branch  5 taken 0 (throw)
        1:   23-block  1
call    6 returned 1
call    7 returned 1
    $$$$$:   23-block  2
call    8 never executed
    $$$$$:   23-block  3
        -:   24:        }
        1:   25:        return fullMsg;
        1:   25-block  0
        1:   25-block  1
        -:   26:    }
        -:   27:};
        -:   28:/*
        -:   29:Clasa pentru validarea produselor
        -:   30:Un produs este valid daca:
        -:   31:	are tnumele format din mai mult de 2 caractere
        -:   32:	are tip format din mai mult de 2 caractere
        -:   33:	are producator format din mai mult de 2 caractere
        -:   34:	pretul produsului >0
        -:   35:*/
        -:   36:class ProdValidator {
        -:   37:
        -:   38:public:
function _ZN13ProdValidator9valideazaERK6Produs called 30 returned 87% blocks executed 64%
       30:   39:    void valideaza(const Produs& p) {
       60:   40:        vector<string> errors;
       30:   40-block  0
call    0 returned 30
       26:   40-block  1
call    1 returned 26
        4:   40-block  2
call    2 returned 4
       30:   41:        if (p.getNume().length() < 2)
call    0 returned 30
branch  1 taken 30 (fallthrough)
branch  2 taken 0 (throw)
       30:   41-block  0
call    3 returned 30
call    4 returned 30
branch  5 taken 1 (fallthrough)
branch  6 taken 29
        1:   42:            errors.push_back("Numele trebuie sa aiba cel putin 2 caractere.");
        1:   42-block  0
call    0 returned 1
call    1 returned 1
branch  2 taken 1 (fallthrough)
branch  3 taken 0 (throw)
        1:   42-block  1
call    4 returned 1
branch  5 taken 1 (fallthrough)
branch  6 taken 0 (throw)
        1:   42-block  2
call    7 returned 1
call    8 returned 1
    $$$$$:   42-block  3
call    9 never executed
    $$$$$:   42-block  4
    $$$$$:   42-block  5
call   10 never executed
    $$$$$:   42-block  6
       30:   43:        if (p.getProd().length() < 2)
       30:   43-block  0
call    0 returned 30
branch  1 taken 30 (fallthrough)
branch  2 taken 0 (throw)
       30:   43-block  1
call    3 returned 30
call    4 returned 30
branch  5 taken 1 (fallthrough)
branch  6 taken 29
        1:   44:            errors.push_back("Producatorul trebuie sa aiba cel putin 2 caractere.");
        1:   44-block  0
call    0 returned 1
call    1 returned 1
branch  2 taken 1 (fallthrough)
branch  3 taken 0 (throw)
        1:   44-block  1
call    4 returned 1
branch  5 taken 1 (fallthrough)
branch  6 taken 0 (throw)
        1:   44-block  2
call    7 returned 1
call    8 returned 1
    $$$$$:   44-block  3
call    9 never executed
    $$$$$:   44-block  4
    $$$$$:   44-block  5
call   10 never executed
    $$$$$:   44-block  6
       30:   45:        if (p.getPret() < 0)
       30:   45-block  0
call    0 returned 30
branch  1 taken 1 (fallthrough)
branch  2 taken 29
        1:   46:            errors.push_back("Pretul trebuie mai mare decat 0.");
        1:   46-block  0
call    0 returned 1
call    1 returned 1
branch  2 taken 1 (fallthrough)
branch  3 taken 0 (throw)
        1:   46-block  1
call    4 returned 1
branch  5 taken 1 (fallthrough)
branch  6 taken 0 (throw)
        1:   46-block  2
call    7 returned 1
call    8 returned 1
    $$$$$:   46-block  3
call    9 never executed
    $$$$$:   46-block  4
    $$$$$:   46-block  5
call   10 never executed
    $$$$$:   46-block  6
       30:   47:        if (p.getTip().length() < 2)
       30:   47-block  0
call    0 returned 30
branch  1 taken 30 (fallthrough)
branch  2 taken 0 (throw)
       30:   47-block  1
call    3 returned 30
call    4 returned 30
branch  5 taken 1 (fallthrough)
branch  6 taken 29
        1:   48:            errors.push_back("Tipul trebuie sa aiba cel putin 2 caractere.");
        1:   48-block  0
call    0 returned 1
call    1 returned 1
branch  2 taken 1 (fallthrough)
branch  3 taken 0 (throw)
        1:   48-block  1
call    4 returned 1
branch  5 taken 1 (fallthrough)
branch  6 taken 0 (throw)
        1:   48-block  2
call    7 returned 1
call    8 returned 1
    $$$$$:   48-block  3
call    9 never executed
    $$$$$:   48-block  4
    $$$$$:   48-block  5
call   10 never executed
    $$$$$:   48-block  6
        -:   49:
       30:   50:        if (errors.size() > 0)
       30:   50-block  0
call    0 returned 30
branch  1 taken 4 (fallthrough)
branch  2 taken 26
        4:   51:            throw ValidationExcep(errors);
        4:   51-block  0
call    0 returned 4
call    1 returned 4
branch  2 taken 4 (fallthrough)
branch  3 taken 0 (throw)
        4:   51-block  1
call    4 returned 4
branch  5 taken 4 (fallthrough)
branch  6 taken 0 (throw)
        4:   51-block  2
call    7 returned 4
call    8 returned 4
    $$$$$:   51-block  3
call    9 never executed
    $$$$$:   51-block  4
    $$$$$:   51-block  5
call   10 never executed
       26:   52:    }
        -:   53:};
        -:   54:
        -:   55:
        -:   56:
        -:   57:#endif //UNTITLED_VALIDATOR_H
