        -:    0:Source:/mnt/c/Users/Laura/CLionProjects/lab_8-9/DTO.cpp
        -:    0:Graph:/mnt/c/Users/Laura/CLionProjects/lab_8-9/cmake-build-wsl_profile-coverage/CMakeFiles/untitled.dir/DTO.cpp.gcno
        -:    0:Data:/mnt/c/Users/Laura/CLionProjects/lab_8-9/cmake-build-wsl_profile-coverage/CMakeFiles/untitled.dir/DTO.cpp.gcda
        -:    0:Runs:1
        -:    1:#include "DTO.h"
        -:    2:#include "DTO.h"
        -:    3:
function _ZN3DTO6getTipB5cxx11Ev called 0 returned 0% blocks executed 0%
    #####:    4:const string& DTO::getTip() noexcept {
    #####:    5:    return tip;
    %%%%%:    5-block  0
        -:    6:}
        -:    7:
function _ZN3DTO6get_nrEv called 0 returned 0% blocks executed 0%
    #####:    8:int DTO::get_nr() noexcept {
    #####:    9:    return nr;
    %%%%%:    9-block  0
        -:   10:}
function _ZN3DTO4incrEv called 0 returned 0% blocks executed 0%
    #####:   11:void DTO::incr() noexcept {
    #####:   12:    nr++;
    #####:   13:}
